<?xml version="1.0" encoding="UTF-8"?>
<!-- Generated by org.testng.reporters.JUnitReportReporter -->
<testsuite hostname="DESKTOP-DRC1TFD" failures="0" tests="1" name="reqres.CRUDOperationwithBDD.GetAllUsersTest" time="9.900" errors="0" timestamp="2022-11-17T17:58:52 GMT-08:00" skipped="0">
  <testcase classname="reqres.CRUDOperationwithBDD.GetAllUsersTest" name="getallUser" time="9.900"/>
  <system-out/>
</testsuite> <!-- reqres.CRUDOperationwithBDD.GetAllUsersTest -->
