<?xml version="1.0" encoding="UTF-8"?>
<!-- Generated by org.testng.reporters.JUnitReportReporter -->
<testsuite hostname="DESKTOP-DRC1TFD" failures="0" tests="1" name="resonseValidation.GetAllResponseValidation" time="5.463" errors="0" timestamp="2022-11-19T04:23:58 GMT-08:00" skipped="0">
  <testcase classname="resonseValidation.GetAllResponseValidation" name="getAllResponseValidation" time="5.463"/>
  <system-out/>
</testsuite> <!-- resonseValidation.GetAllResponseValidation -->
