<?xml version="1.0" encoding="UTF-8"?>
<!-- Generated by org.testng.reporters.JUnitReportReporter -->
<testsuite hostname="DESKTOP-DRC1TFD" failures="0" tests="1" name="reqres.CRUDOperationwithBDD.RegisterSucessfulUserTest" time="5.994" errors="0" timestamp="2022-11-17T18:51:30 GMT-08:00" skipped="0">
  <testcase classname="reqres.CRUDOperationwithBDD.RegisterSucessfulUserTest" name="RegisterSucessfulUser" time="5.994"/>
  <system-out/>
</testsuite> <!-- reqres.CRUDOperationwithBDD.RegisterSucessfulUserTest -->
