<?xml version="1.0" encoding="UTF-8"?>
<!-- Generated by org.testng.reporters.JUnitReportReporter -->
<testsuite hostname="DESKTOP-DRC1TFD" failures="0" tests="1" name="reqres.CRUDOperationwithBDD.RegisterUnsucessfulUserTest" time="14.730" errors="0" timestamp="2022-11-17T20:57:06 GMT-08:00" skipped="0">
  <testcase classname="reqres.CRUDOperationwithBDD.RegisterUnsucessfulUserTest" name="RegisterUnsucessfuluser" time="14.730"/>
  <system-out/>
</testsuite> <!-- reqres.CRUDOperationwithBDD.RegisterUnsucessfulUserTest -->
