<?xml version="1.0" encoding="UTF-8"?>
<!-- Generated by org.testng.reporters.JUnitReportReporter -->
<testsuite hostname="DESKTOP-DRC1TFD" failures="0" tests="1" name="reqres.CRUDOperationwithBDD.DeleteUserTest" time="4.546" errors="0" timestamp="2022-11-17T18:44:01 GMT-08:00" skipped="0">
  <testcase classname="reqres.CRUDOperationwithBDD.DeleteUserTest" name="Deleteuser" time="4.546"/>
  <system-out/>
</testsuite> <!-- reqres.CRUDOperationwithBDD.DeleteUserTest -->
