<?xml version="1.0" encoding="UTF-8"?>
<!-- Generated by org.testng.reporters.JUnitReportReporter -->
<testsuite hostname="DESKTOP-DRC1TFD" failures="0" tests="1" name="resonseValidation.ResponseValidationTest" time="9.349" errors="0" timestamp="2022-11-19T01:50:44 GMT-08:00" skipped="0">
  <testcase classname="resonseValidation.ResponseValidationTest" name="ResponseValidation" time="9.349"/>
  <system-out/>
</testsuite> <!-- resonseValidation.ResponseValidationTest -->
