<?xml version="1.0" encoding="UTF-8"?>
<!-- Generated by org.testng.reporters.JUnitReportReporter -->
<testsuite hostname="DESKTOP-DRC1TFD" failures="0" tests="1" name="reqres.CRUDOperationwithBDD.GetSingleResourceNotFoundTest" time="4.687" errors="0" timestamp="2022-11-17T18:11:57 GMT-08:00" skipped="0">
  <testcase classname="reqres.CRUDOperationwithBDD.GetSingleResourceNotFoundTest" name="GetSingleResourceNotFound" time="4.687"/>
  <system-out/>
</testsuite> <!-- reqres.CRUDOperationwithBDD.GetSingleResourceNotFoundTest -->
