<?xml version="1.0" encoding="UTF-8"?>
<!-- Generated by org.testng.reporters.JUnitReportReporter -->
<testsuite hostname="DESKTOP-DRC1TFD" failures="0" tests="1" name="CreateBody3Differntways.createUserUsingPoJOClass" time="6.825" errors="0" timestamp="2022-11-18T03:43:11 GMT-08:00" skipped="0">
  <testcase classname="CreateBody3Differntways.createUserUsingPoJOClass" name="CreateUser" time="6.825"/>
  <system-out/>
</testsuite> <!-- CreateBody3Differntways.createUserUsingPoJOClass -->
