<?xml version="1.0" encoding="UTF-8"?>
<!-- Generated by org.testng.reporters.JUnitReportReporter -->
<testsuite hostname="DESKTOP-DRC1TFD" failures="0" tests="1" name="reqres.CRUDOperation.GetAllUsersTest" time="5.817" errors="0" timestamp="2022-11-17T01:47:02 GMT-08:00" skipped="0">
  <testcase classname="reqres.CRUDOperation.GetAllUsersTest" name="GetAllUser" time="5.817"/>
  <system-out/>
</testsuite> <!-- reqres.CRUDOperation.GetAllUsersTest -->
