<?xml version="1.0" encoding="UTF-8"?>
<!-- Generated by org.testng.reporters.JUnitReportReporter -->
<testsuite hostname="DESKTOP-DRC1TFD" failures="0" tests="1" name="reqres.CRUDOperationwithBDD.LoginSucessFulUserTest" time="5.529" errors="0" timestamp="2022-11-17T21:03:38 GMT-08:00" skipped="0">
  <testcase classname="reqres.CRUDOperationwithBDD.LoginSucessFulUserTest" name="LoginSucessFulUser" time="5.529"/>
  <system-out/>
</testsuite> <!-- reqres.CRUDOperationwithBDD.LoginSucessFulUserTest -->
