<?xml version="1.0" encoding="UTF-8"?>
<!-- Generated by org.testng.reporters.JUnitReportReporter -->
<testsuite hostname="DESKTOP-DRC1TFD" failures="0" tests="1" name="CreateBody3Differntways.CreateUserUsingJsonFileDataDrivenTesting" time="4.730" errors="0" timestamp="2022-11-18T03:48:07 GMT-08:00" skipped="0">
  <testcase classname="CreateBody3Differntways.CreateUserUsingJsonFileDataDrivenTesting" name="CreateUser" time="4.730"/>
  <system-out/>
</testsuite> <!-- CreateBody3Differntways.CreateUserUsingJsonFileDataDrivenTesting -->
