<?xml version="1.0" encoding="UTF-8"?>
<!-- Generated by org.testng.reporters.JUnitReportReporter -->
<testsuite hostname="DESKTOP-DRC1TFD" failures="0" tests="1" name="reqres.CRUDOperationwithBDD.PutUserTest" time="6.463" errors="0" timestamp="2022-11-17T18:29:09 GMT-08:00" skipped="0">
  <testcase classname="reqres.CRUDOperationwithBDD.PutUserTest" name="PutUser" time="6.463"/>
  <system-out/>
</testsuite> <!-- reqres.CRUDOperationwithBDD.PutUserTest -->
