<?xml version="1.0" encoding="UTF-8"?>
<!-- Generated by org.testng.reporters.JUnitReportReporter -->
<testsuite hostname="DESKTOP-DRC1TFD" failures="0" tests="1" name="reqres.CRUDOperationwithBDD.UpdateUserTest" time="6.324" errors="0" timestamp="2022-11-17T18:38:15 GMT-08:00" skipped="0">
  <testcase classname="reqres.CRUDOperationwithBDD.UpdateUserTest" name="UpdateUser" time="6.324"/>
  <system-out/>
</testsuite> <!-- reqres.CRUDOperationwithBDD.UpdateUserTest -->
