<?xml version="1.0" encoding="UTF-8"?>
<!-- Generated by org.testng.reporters.JUnitReportReporter -->
<testsuite hostname="DESKTOP-DRC1TFD" failures="0" tests="1" name="reqres.CRUDOperationwithBDD.GetSingleUserNotFoundTest" time="4.841" errors="0" timestamp="2022-11-17T18:00:17 GMT-08:00" skipped="0">
  <testcase classname="reqres.CRUDOperationwithBDD.GetSingleUserNotFoundTest" name="getSingleUserNotFound" time="4.841"/>
  <system-out/>
</testsuite> <!-- reqres.CRUDOperationwithBDD.GetSingleUserNotFoundTest -->
