<?xml version="1.0" encoding="UTF-8"?>
<!-- Generated by org.testng.reporters.JUnitReportReporter -->
<testsuite hostname="DESKTOP-DRC1TFD" failures="0" tests="1" name="CreateBody3Differntways.CreateUserUsingHashMapTest" time="9.256" errors="0" timestamp="2022-11-27T17:48:24 GMT-08:00" skipped="0">
  <testcase classname="CreateBody3Differntways.CreateUserUsingHashMapTest" name="CreateUser" time="9.256"/>
  <system-out/>
</testsuite> <!-- CreateBody3Differntways.CreateUserUsingHashMapTest -->
