<?xml version="1.0" encoding="UTF-8"?>
<!-- Generated by org.testng.reporters.JUnitReportReporter -->
<testsuite hostname="DESKTOP-DRC1TFD" failures="0" tests="1" name="reqres.CRUDOperationwithBDD.getListOfResourcesTest" time="10.473" errors="0" timestamp="2022-11-17T17:59:35 GMT-08:00" skipped="0">
  <testcase classname="reqres.CRUDOperationwithBDD.getListOfResourcesTest" name="getListOfResources" time="10.473"/>
  <system-out/>
</testsuite> <!-- reqres.CRUDOperationwithBDD.getListOfResourcesTest -->
